<?xml version="1.0" encoding="UTF-8"?>
<!-- Generated by org.testng.reporters.JUnitReportReporter -->
<testsuite skipped="0" hostname="DESKTOP-MUMETVV" name="com.crm.qa.testcases.HomePageTest" tests="3" failures="0" timestamp="2020-10-05T21:36:47 IST" time="59.226" errors="0">
  <testcase name="verifyuser" time="18.790" classname="com.crm.qa.testcases.HomePageTest"/>
  <system-out/>
  <testcase name="verifyHomePageTitle" time="18.499" classname="com.crm.qa.testcases.HomePageTest"/>
  <system-out/>
  <testcase name="verifyContactLink" time="21.937" classname="com.crm.qa.testcases.HomePageTest"/>
  <system-out/>
</testsuite> <!-- com.crm.qa.testcases.HomePageTest -->
