<?xml version="1.0" encoding="UTF-8"?>
<!-- Generated by org.testng.reporters.JUnitReportReporter -->
<testsuite skipped="0" hostname="DESKTOP-MUMETVV" name="com.crm.qa.testcases.HomePageTest" tests="3" failures="0" timestamp="2020-09-30T00:02:42 IST" time="57.576" errors="0">
  <testcase name="verifyHomePageTitle" time="17.531" classname="com.crm.qa.testcases.HomePageTest"/>
  <system-out/>
  <testcase name="verifyContactLink" time="21.698" classname="com.crm.qa.testcases.HomePageTest"/>
  <system-out/>
  <testcase name="verifyuser" time="18.347" classname="com.crm.qa.testcases.HomePageTest"/>
  <system-out/>
</testsuite> <!-- com.crm.qa.testcases.HomePageTest -->
