<?xml version="1.0" encoding="UTF-8"?>
<!-- Generated by org.testng.reporters.JUnitReportReporter -->
<testsuite skipped="0" hostname="DESKTOP-MUMETVV" name="com.crm.qa.testcases.ContactsPageTest" tests="5" failures="0" timestamp="2020-10-01T00:14:21 IST" time="141.948" errors="0">
  <testcase name="validateCreateNewContact" time="27.714" classname="com.crm.qa.testcases.ContactsPageTest"/>
  <system-out/>
  <testcase name="validateCreateNewContact" time="30.319" classname="com.crm.qa.testcases.ContactsPageTest"/>
  <system-out/>
  <testcase name="validateCreateNewContact" time="27.795" classname="com.crm.qa.testcases.ContactsPageTest"/>
  <system-out/>
  <testcase name="validateCreateNewContact" time="27.601" classname="com.crm.qa.testcases.ContactsPageTest"/>
  <system-out/>
  <testcase name="clickContactcheckbox" time="28.519" classname="com.crm.qa.testcases.ContactsPageTest"/>
  <system-out/>
</testsuite> <!-- com.crm.qa.testcases.ContactsPageTest -->
